# JRE version: OpenJDK Runtime Environment (8.0_372-b07) (build 1.8.0_372-b07)
# Java VM: OpenJDK 64-Bit Server VM (25.372-b07 mixed mode windows-amd64 compressed oops)
Heap:
 PSYoungGen      total 172544K, used 133224K [0x000000076e200000, 0x0000000793080000, 0x00000007c0000000)
  eden space 171008K, 77% used [0x000000076e200000,0x00000007762ef9b0,0x0000000778900000)
  from space 1536K, 77% used [0x0000000792d80000,0x0000000792eaa768,0x0000000792f00000)
  to   space 1536K, 0% used [0x0000000792f00000,0x0000000792f00000,0x0000000793080000)
 ParOldGen       total 125952K, used 89125K [0x00000006ca600000, 0x00000006d2100000, 0x000000076e200000)
  object space 125952K, 70% used [0x00000006ca600000,0x00000006cfd094f0,0x00000006d2100000)
 Metaspace       used 14773K, capacity 15063K, committed 15360K, reserved 1062912K
  class space    used 1183K, capacity 1275K, committed 1280K, reserved 1048576K
GC Heap History (10 events):
Event: 66.001 GC heap before
{Heap before GC invocations=622 (full 1):
 PSYoungGen      total 206848K, used 206712K [0x000000076e200000, 0x0000000793500000, 0x00000007c0000000)
  eden space 205312K, 100% used [0x000000076e200000,0x000000077aa80000,0x000000077aa80000)
  from space 1536K, 91% used [0x0000000793380000,0x00000007934de3a0,0x0000000793500000)
  to   space 2560K, 0% used [0x0000000793000000,0x0000000793000000,0x0000000793280000)
 ParOldGen       total 125952K, used 89125K [0x00000006ca600000, 0x00000006d2100000, 0x000000076e200000)
  object space 125952K, 70% used [0x00000006ca600000,0x00000006cfd094f0,0x00000006d2100000)
 Metaspace       used 14770K, capacity 15063K, committed 15360K, reserved 1062912K
  class space    used 1182K, capacity 1275K, committed 1280K, reserved 1048576K
Event: 66.002 GC heap after
Heap after GC invocations=622 (full 1):
 PSYoungGen      total 199168K, used 1289K [0x000000076e200000, 0x0000000793400000, 0x00000007c0000000)
  eden space 197632K, 0% used [0x000000076e200000,0x000000076e200000,0x000000077a300000)
  from space 1536K, 83% used [0x0000000793000000,0x0000000793142768,0x0000000793180000)
  to   space 2560K, 0% used [0x0000000793180000,0x0000000793180000,0x0000000793400000)
 ParOldGen       total 125952K, used 89125K [0x00000006ca600000, 0x00000006d2100000, 0x000000076e200000)
  object space 125952K, 70% used [0x00000006ca600000,0x00000006cfd094f0,0x00000006d2100000)
 Metaspace       used 14770K, capacity 15063K, committed 15360K, reserved 1062912K
  class space    used 1182K, capacity 1275K, committed 1280K, reserved 1048576K
}
Event: 66.097 GC heap before
{Heap before GC invocations=623 (full 1):
 PSYoungGen      total 199168K, used 198921K [0x000000076e200000, 0x0000000793400000, 0x00000007c0000000)
  eden space 197632K, 100% used [0x000000076e200000,0x000000077a300000,0x000000077a300000)
  from space 1536K, 83% used [0x0000000793000000,0x0000000793142768,0x0000000793180000)
  to   space 2560K, 0% used [0x0000000793180000,0x0000000793180000,0x0000000793400000)
 ParOldGen       total 125952K, used 89125K [0x00000006ca600000, 0x00000006d2100000, 0x000000076e200000)
  object space 125952K, 70% used [0x00000006ca600000,0x00000006cfd094f0,0x00000006d2100000)
 Metaspace       used 14770K, capacity 15063K, committed 15360K, reserved 1062912K
  class space    used 1182K, capacity 1275K, committed 1280K, reserved 1048576K
Event: 66.098 GC heap after
Heap after GC invocations=623 (full 1):
 PSYoungGen      total 192000K, used 1400K [0x000000076e200000, 0x0000000793300000, 0x00000007c0000000)
  eden space 190464K, 0% used [0x000000076e200000,0x000000076e200000,0x0000000779c00000)
  from space 1536K, 91% used [0x0000000793180000,0x00000007932de3a0,0x0000000793300000)
  to   space 2048K, 0% used [0x0000000792f00000,0x0000000792f00000,0x0000000793100000)
 ParOldGen       total 125952K, used 89125K [0x00000006ca600000, 0x00000006d2100000, 0x000000076e200000)
  object space 125952K, 70% used [0x00000006ca600000,0x00000006cfd094f0,0x00000006d2100000)
 Metaspace       used 14770K, capacity 15063K, committed 15360K, reserved 1062912K
  class space    used 1182K, capacity 1275K, committed 1280K, reserved 1048576K
}
Event: 66.184 GC heap before
{Heap before GC invocations=624 (full 1):
 PSYoungGen      total 192000K, used 191864K [0x000000076e200000, 0x0000000793300000, 0x00000007c0000000)
  eden space 190464K, 100% used [0x000000076e200000,0x0000000779c00000,0x0000000779c00000)
  from space 1536K, 91% used [0x0000000793180000,0x00000007932de3a0,0x0000000793300000)
  to   space 2048K, 0% used [0x0000000792f00000,0x0000000792f00000,0x0000000793100000)
 ParOldGen       total 125952K, used 89125K [0x00000006ca600000, 0x00000006d2100000, 0x000000076e200000)
  object space 125952K, 70% used [0x00000006ca600000,0x00000006cfd094f0,0x00000006d2100000)
 Metaspace       used 14770K, capacity 15063K, committed 15360K, reserved 1062912K
  class space    used 1182K, capacity 1275K, committed 1280K, reserved 1048576K
Event: 66.185 GC heap after
Heap after GC invocations=624 (full 1):
 PSYoungGen      total 184832K, used 1001K [0x000000076e200000, 0x0000000793200000, 0x00000007c0000000)
  eden space 183808K, 0% used [0x000000076e200000,0x000000076e200000,0x0000000779580000)
  from space 1024K, 97% used [0x0000000792f00000,0x0000000792ffa768,0x0000000793000000)
  to   space 2048K, 0% used [0x0000000793000000,0x0000000793000000,0x0000000793200000)
 ParOldGen       total 125952K, used 89125K [0x00000006ca600000, 0x00000006d2100000, 0x000000076e200000)
  object space 125952K, 70% used [0x00000006ca600000,0x00000006cfd094f0,0x00000006d2100000)
 Metaspace       used 14770K, capacity 15063K, committed 15360K, reserved 1062912K
  class space    used 1182K, capacity 1275K, committed 1280K, reserved 1048576K
}
Event: 66.268 GC heap before
{Heap before GC invocations=625 (full 1):
 PSYoungGen      total 184832K, used 184809K [0x000000076e200000, 0x0000000793200000, 0x00000007c0000000)
  eden space 183808K, 100% used [0x000000076e200000,0x0000000779580000,0x0000000779580000)
  from space 1024K, 97% used [0x0000000792f00000,0x0000000792ffa768,0x0000000793000000)
  to   space 2048K, 0% used [0x0000000793000000,0x0000000793000000,0x0000000793200000)
 ParOldGen       total 125952K, used 89125K [0x00000006ca600000, 0x00000006d2100000, 0x000000076e200000)
  object space 125952K, 70% used [0x00000006ca600000,0x00000006cfd094f0,0x00000006d2100000)
 Metaspace       used 14770K, capacity 15063K, committed 15360K, reserved 1062912K
  class space    used 1182K, capacity 1275K, committed 1280K, reserved 1048576K
Event: 66.269 GC heap after
Heap after GC invocations=625 (full 1):
 PSYoungGen      total 178688K, used 1289K [0x000000076e200000, 0x0000000793180000, 0x00000007c0000000)
  eden space 177152K, 0% used [0x000000076e200000,0x000000076e200000,0x0000000778f00000)
  from space 1536K, 83% used [0x0000000793000000,0x00000007931424e8,0x0000000793180000)
  to   space 2048K, 0% used [0x0000000792d80000,0x0000000792d80000,0x0000000792f80000)
 ParOldGen       total 125952K, used 89125K [0x00000006ca600000, 0x00000006d2100000, 0x000000076e200000)
  object space 125952K, 70% used [0x00000006ca600000,0x00000006cfd094f0,0x00000006d2100000)
 Metaspace       used 14770K, capacity 15063K, committed 15360K, reserved 1062912K
  class space    used 1182K, capacity 1275K, committed 1280K, reserved 1048576K
}
Event: 66.340 GC heap before
{Heap before GC invocations=626 (full 1):
 PSYoungGen      total 178688K, used 178441K [0x000000076e200000, 0x0000000793180000, 0x00000007c0000000)
  eden space 177152K, 100% used [0x000000076e200000,0x0000000778f00000,0x0000000778f00000)
  from space 1536K, 83% used [0x0000000793000000,0x00000007931424e8,0x0000000793180000)
  to   space 2048K, 0% used [0x0000000792d80000,0x0000000792d80000,0x0000000792f80000)
 ParOldGen       total 125952K, used 89125K [0x00000006ca600000, 0x00000006d2100000, 0x000000076e200000)
  object space 125952K, 70% used [0x00000006ca600000,0x00000006cfd094f0,0x00000006d2100000)
 Metaspace       used 14770K, capacity 15063K, committed 15360K, reserved 1062912K
  class space    used 1182K, capacity 1275K, committed 1280K, reserved 1048576K
Event: 66.341 GC heap after
Heap after GC invocations=626 (full 1):
 PSYoungGen      total 172544K, used 1193K [0x000000076e200000, 0x0000000793080000, 0x00000007c0000000)
  eden space 171008K, 0% used [0x000000076e200000,0x000000076e200000,0x0000000778900000)
  from space 1536K, 77% used [0x0000000792d80000,0x0000000792eaa768,0x0000000792f00000)
  to   space 1536K, 0% used [0x0000000792f00000,0x0000000792f00000,0x0000000793080000)
 ParOldGen       total 125952K, used 89125K [0x00000006ca600000, 0x00000006d2100000, 0x000000076e200000)
  object space 125952K, 70% used [0x00000006ca600000,0x00000006cfd094f0,0x00000006d2100000)
 Metaspace       used 14770K, capacity 15063K, committed 15360K, reserved 1062912K
  class space    used 1182K, capacity 1275K, committed 1280K, reserved 1048576K
}

