# JRE version: OpenJDK Runtime Environment (8.0_372-b07) (build 1.8.0_372-b07)
# Java VM: OpenJDK 64-Bit Server VM (25.372-b07 mixed mode windows-amd64 compressed oops)
Heap:
 PSYoungGen      total 192000K, used 143616K [0x000000076e200000, 0x00000007a3e00000, 0x00000007c0000000)
  eden space 190976K, 74% used [0x000000076e200000,0x0000000776d64d68,0x0000000779c80000)
  from space 1024K, 85% used [0x00000007a3b80000,0x00000007a3c5b3a0,0x00000007a3c80000)
  to   space 1536K, 0% used [0x00000007a3c80000,0x00000007a3c80000,0x00000007a3e00000)
 ParOldGen       total 167936K, used 163688K [0x00000006ca600000, 0x00000006d4a00000, 0x000000076e200000)
  object space 167936K, 97% used [0x00000006ca600000,0x00000006d45da2c0,0x00000006d4a00000)
 Metaspace       used 14763K, capacity 15063K, committed 15360K, reserved 1062912K
  class space    used 1183K, capacity 1275K, committed 1280K, reserved 1048576K
GC Heap History (10 events):
Event: 19.345 GC heap before
{Heap before GC invocations=145 (full 0):
 PSYoungGen      total 231936K, used 231788K [0x000000076e200000, 0x00000007a4000000, 0x00000007c0000000)
  eden space 230912K, 100% used [0x000000076e200000,0x000000077c380000,0x000000077c380000)
  from space 1024K, 85% used [0x00000007a3f00000,0x00000007a3fdb3a0,0x00000007a4000000)
  to   space 1536K, 0% used [0x00000007a3d00000,0x00000007a3d00000,0x00000007a3e80000)
 ParOldGen       total 167936K, used 163384K [0x00000006ca600000, 0x00000006d4a00000, 0x000000076e200000)
  object space 167936K, 97% used [0x00000006ca600000,0x00000006d458e2c0,0x00000006d4a00000)
 Metaspace       used 14761K, capacity 15063K, committed 15360K, reserved 1062912K
  class space    used 1182K, capacity 1275K, committed 1280K, reserved 1048576K
Event: 19.346 GC heap after
Heap after GC invocations=145 (full 0):
 PSYoungGen      total 223744K, used 1312K [0x000000076e200000, 0x00000007a3f80000, 0x00000007c0000000)
  eden space 222208K, 0% used [0x000000076e200000,0x000000076e200000,0x000000077bb00000)
  from space 1536K, 85% used [0x00000007a3d00000,0x00000007a3e480b8,0x00000007a3e80000)
  to   space 1024K, 0% used [0x00000007a3e80000,0x00000007a3e80000,0x00000007a3f80000)
 ParOldGen       total 167936K, used 163472K [0x00000006ca600000, 0x00000006d4a00000, 0x000000076e200000)
  object space 167936K, 97% used [0x00000006ca600000,0x00000006d45a42c0,0x00000006d4a00000)
 Metaspace       used 14761K, capacity 15063K, committed 15360K, reserved 1062912K
  class space    used 1182K, capacity 1275K, committed 1280K, reserved 1048576K
}
Event: 19.493 GC heap before
{Heap before GC invocations=146 (full 0):
 PSYoungGen      total 223744K, used 223520K [0x000000076e200000, 0x00000007a3f80000, 0x00000007c0000000)
  eden space 222208K, 100% used [0x000000076e200000,0x000000077bb00000,0x000000077bb00000)
  from space 1536K, 85% used [0x00000007a3d00000,0x00000007a3e480b8,0x00000007a3e80000)
  to   space 1024K, 0% used [0x00000007a3e80000,0x00000007a3e80000,0x00000007a3f80000)
 ParOldGen       total 167936K, used 163472K [0x00000006ca600000, 0x00000006d4a00000, 0x000000076e200000)
  object space 167936K, 97% used [0x00000006ca600000,0x00000006d45a42c0,0x00000006d4a00000)
 Metaspace       used 14761K, capacity 15063K, committed 15360K, reserved 1062912K
  class space    used 1182K, capacity 1275K, committed 1280K, reserved 1048576K
Event: 19.494 GC heap after
Heap after GC invocations=146 (full 0):
 PSYoungGen      total 215040K, used 876K [0x000000076e200000, 0x00000007a3f80000, 0x00000007c0000000)
  eden space 214016K, 0% used [0x000000076e200000,0x000000076e200000,0x000000077b300000)
  from space 1024K, 85% used [0x00000007a3e80000,0x00000007a3f5b3a0,0x00000007a3f80000)
  to   space 1536K, 0% used [0x00000007a3c80000,0x00000007a3c80000,0x00000007a3e00000)
 ParOldGen       total 167936K, used 163528K [0x00000006ca600000, 0x00000006d4a00000, 0x000000076e200000)
  object space 167936K, 97% used [0x00000006ca600000,0x00000006d45b22c0,0x00000006d4a00000)
 Metaspace       used 14761K, capacity 15063K, committed 15360K, reserved 1062912K
  class space    used 1182K, capacity 1275K, committed 1280K, reserved 1048576K
}
Event: 19.633 GC heap before
{Heap before GC invocations=147 (full 0):
 PSYoungGen      total 215040K, used 214892K [0x000000076e200000, 0x00000007a3f80000, 0x00000007c0000000)
  eden space 214016K, 100% used [0x000000076e200000,0x000000077b300000,0x000000077b300000)
  from space 1024K, 85% used [0x00000007a3e80000,0x00000007a3f5b3a0,0x00000007a3f80000)
  to   space 1536K, 0% used [0x00000007a3c80000,0x00000007a3c80000,0x00000007a3e00000)
 ParOldGen       total 167936K, used 163528K [0x00000006ca600000, 0x00000006d4a00000, 0x000000076e200000)
  object space 167936K, 97% used [0x00000006ca600000,0x00000006d45b22c0,0x00000006d4a00000)
 Metaspace       used 14761K, capacity 15063K, committed 15360K, reserved 1062912K
  class space    used 1182K, capacity 1275K, committed 1280K, reserved 1048576K
Event: 19.634 GC heap after
Heap after GC invocations=147 (full 0):
 PSYoungGen      total 206848K, used 876K [0x000000076e200000, 0x00000007a3f00000, 0x00000007c0000000)
  eden space 205824K, 0% used [0x000000076e200000,0x000000076e200000,0x000000077ab00000)
  from space 1024K, 85% used [0x00000007a3c80000,0x00000007a3d5b3a0,0x00000007a3d80000)
  to   space 1536K, 0% used [0x00000007a3d80000,0x00000007a3d80000,0x00000007a3f00000)
 ParOldGen       total 167936K, used 163616K [0x00000006ca600000, 0x00000006d4a00000, 0x000000076e200000)
  object space 167936K, 97% used [0x00000006ca600000,0x00000006d45c82c0,0x00000006d4a00000)
 Metaspace       used 14761K, capacity 15063K, committed 15360K, reserved 1062912K
  class space    used 1182K, capacity 1275K, committed 1280K, reserved 1048576K
}
Event: 19.765 GC heap before
{Heap before GC invocations=148 (full 0):
 PSYoungGen      total 206848K, used 206700K [0x000000076e200000, 0x00000007a3f00000, 0x00000007c0000000)
  eden space 205824K, 100% used [0x000000076e200000,0x000000077ab00000,0x000000077ab00000)
  from space 1024K, 85% used [0x00000007a3c80000,0x00000007a3d5b3a0,0x00000007a3d80000)
  to   space 1536K, 0% used [0x00000007a3d80000,0x00000007a3d80000,0x00000007a3f00000)
 ParOldGen       total 167936K, used 163616K [0x00000006ca600000, 0x00000006d4a00000, 0x000000076e200000)
  object space 167936K, 97% used [0x00000006ca600000,0x00000006d45c82c0,0x00000006d4a00000)
 Metaspace       used 14761K, capacity 15063K, committed 15360K, reserved 1062912K
  class space    used 1182K, capacity 1275K, committed 1280K, reserved 1048576K
Event: 19.766 GC heap after
Heap after GC invocations=148 (full 0):
 PSYoungGen      total 199168K, used 876K [0x000000076e200000, 0x00000007a3e80000, 0x00000007c0000000)
  eden space 198144K, 0% used [0x000000076e200000,0x000000076e200000,0x000000077a380000)
  from space 1024K, 85% used [0x00000007a3d80000,0x00000007a3e5b3a0,0x00000007a3e80000)
  to   space 1536K, 0% used [0x00000007a3b80000,0x00000007a3b80000,0x00000007a3d00000)
 ParOldGen       total 167936K, used 163632K [0x00000006ca600000, 0x00000006d4a00000, 0x000000076e200000)
  object space 167936K, 97% used [0x00000006ca600000,0x00000006d45cc2c0,0x00000006d4a00000)
 Metaspace       used 14761K, capacity 15063K, committed 15360K, reserved 1062912K
  class space    used 1182K, capacity 1275K, committed 1280K, reserved 1048576K
}
Event: 19.887 GC heap before
{Heap before GC invocations=149 (full 0):
 PSYoungGen      total 199168K, used 199020K [0x000000076e200000, 0x00000007a3e80000, 0x00000007c0000000)
  eden space 198144K, 100% used [0x000000076e200000,0x000000077a380000,0x000000077a380000)
  from space 1024K, 85% used [0x00000007a3d80000,0x00000007a3e5b3a0,0x00000007a3e80000)
  to   space 1536K, 0% used [0x00000007a3b80000,0x00000007a3b80000,0x00000007a3d00000)
 ParOldGen       total 167936K, used 163632K [0x00000006ca600000, 0x00000006d4a00000, 0x000000076e200000)
  object space 167936K, 97% used [0x00000006ca600000,0x00000006d45cc2c0,0x00000006d4a00000)
 Metaspace       used 14761K, capacity 15063K, committed 15360K, reserved 1062912K
  class space    used 1182K, capacity 1275K, committed 1280K, reserved 1048576K
Event: 19.888 GC heap after
Heap after GC invocations=149 (full 0):
 PSYoungGen      total 192000K, used 876K [0x000000076e200000, 0x00000007a3e00000, 0x00000007c0000000)
  eden space 190976K, 0% used [0x000000076e200000,0x000000076e200000,0x0000000779c80000)
  from space 1024K, 85% used [0x00000007a3b80000,0x00000007a3c5b3a0,0x00000007a3c80000)
  to   space 1536K, 0% used [0x00000007a3c80000,0x00000007a3c80000,0x00000007a3e00000)
 ParOldGen       total 167936K, used 163688K [0x00000006ca600000, 0x00000006d4a00000, 0x000000076e200000)
  object space 167936K, 97% used [0x00000006ca600000,0x00000006d45da2c0,0x00000006d4a00000)
 Metaspace       used 14761K, capacity 15063K, committed 15360K, reserved 1062912K
  class space    used 1182K, capacity 1275K, committed 1280K, reserved 1048576K
}

