# JRE version: OpenJDK Runtime Environment (8.0_372-b07) (build 1.8.0_372-b07)
# Java VM: OpenJDK 64-Bit Server VM (25.372-b07 mixed mode windows-amd64 compressed oops)
Heap:
 PSYoungGen      total 117760K, used 97808K [0x000000076e200000, 0x000000079ef80000, 0x00000007c0000000)
  eden space 116736K, 82% used [0x000000076e200000,0x0000000774086118,0x0000000775400000)
  from space 1024K, 99% used [0x000000079ee80000,0x000000079ef7e098,0x000000079ef80000)
  to   space 1536K, 0% used [0x000000079ec80000,0x000000079ec80000,0x000000079ee00000)
 ParOldGen       total 167936K, used 164392K [0x00000006ca600000, 0x00000006d4a00000, 0x000000076e200000)
  object space 167936K, 97% used [0x00000006ca600000,0x00000006d468a320,0x00000006d4a00000)
 Metaspace       used 14763K, capacity 15063K, committed 15360K, reserved 1062912K
  class space    used 1183K, capacity 1275K, committed 1280K, reserved 1048576K
GC Heap History (10 events):
Event: 34.639 GC heap before
{Heap before GC invocations=304 (full 0):
 PSYoungGen      total 138240K, used 138168K [0x000000076e200000, 0x000000079f180000, 0x00000007c0000000)
  eden space 137216K, 100% used [0x000000076e200000,0x0000000776800000,0x0000000776800000)
  from space 1024K, 92% used [0x000000079ef00000,0x000000079efee098,0x000000079f000000)
  to   space 1536K, 0% used [0x000000079f000000,0x000000079f000000,0x000000079f180000)
 ParOldGen       total 167936K, used 164352K [0x00000006ca600000, 0x00000006d4a00000, 0x000000076e200000)
  object space 167936K, 97% used [0x00000006ca600000,0x00000006d4680320,0x00000006d4a00000)
 Metaspace       used 14760K, capacity 15063K, committed 15360K, reserved 1062912K
  class space    used 1182K, capacity 1275K, committed 1280K, reserved 1048576K
Event: 34.640 GC heap after
Heap after GC invocations=304 (full 0):
 PSYoungGen      total 133632K, used 808K [0x000000076e200000, 0x000000079f100000, 0x00000007c0000000)
  eden space 132608K, 0% used [0x000000076e200000,0x000000076e200000,0x0000000776380000)
  from space 1024K, 78% used [0x000000079f000000,0x000000079f0ca058,0x000000079f100000)
  to   space 1536K, 0% used [0x000000079ee00000,0x000000079ee00000,0x000000079ef80000)
 ParOldGen       total 167936K, used 164352K [0x00000006ca600000, 0x00000006d4a00000, 0x000000076e200000)
  object space 167936K, 97% used [0x00000006ca600000,0x00000006d4680320,0x00000006d4a00000)
 Metaspace       used 14760K, capacity 15063K, committed 15360K, reserved 1062912K
  class space    used 1182K, capacity 1275K, committed 1280K, reserved 1048576K
}
Event: 34.720 GC heap before
{Heap before GC invocations=305 (full 0):
 PSYoungGen      total 133632K, used 133416K [0x000000076e200000, 0x000000079f100000, 0x00000007c0000000)
  eden space 132608K, 100% used [0x000000076e200000,0x0000000776380000,0x0000000776380000)
  from space 1024K, 78% used [0x000000079f000000,0x000000079f0ca058,0x000000079f100000)
  to   space 1536K, 0% used [0x000000079ee00000,0x000000079ee00000,0x000000079ef80000)
 ParOldGen       total 167936K, used 164352K [0x00000006ca600000, 0x00000006d4a00000, 0x000000076e200000)
  object space 167936K, 97% used [0x00000006ca600000,0x00000006d4680320,0x00000006d4a00000)
 Metaspace       used 14760K, capacity 15063K, committed 15360K, reserved 1062912K
  class space    used 1182K, capacity 1275K, committed 1280K, reserved 1048576K
Event: 34.721 GC heap after
Heap after GC invocations=305 (full 0):
 PSYoungGen      total 129536K, used 904K [0x000000076e200000, 0x000000079f080000, 0x00000007c0000000)
  eden space 128512K, 0% used [0x000000076e200000,0x000000076e200000,0x0000000775f80000)
  from space 1024K, 88% used [0x000000079ee00000,0x000000079eee2088,0x000000079ef00000)
  to   space 1536K, 0% used [0x000000079ef00000,0x000000079ef00000,0x000000079f080000)
 ParOldGen       total 167936K, used 164352K [0x00000006ca600000, 0x00000006d4a00000, 0x000000076e200000)
  object space 167936K, 97% used [0x00000006ca600000,0x00000006d4680320,0x00000006d4a00000)
 Metaspace       used 14760K, capacity 15063K, committed 15360K, reserved 1062912K
  class space    used 1182K, capacity 1275K, committed 1280K, reserved 1048576K
}
Event: 34.802 GC heap before
{Heap before GC invocations=306 (full 0):
 PSYoungGen      total 129536K, used 129416K [0x000000076e200000, 0x000000079f080000, 0x00000007c0000000)
  eden space 128512K, 100% used [0x000000076e200000,0x0000000775f80000,0x0000000775f80000)
  from space 1024K, 88% used [0x000000079ee00000,0x000000079eee2088,0x000000079ef00000)
  to   space 1536K, 0% used [0x000000079ef00000,0x000000079ef00000,0x000000079f080000)
 ParOldGen       total 167936K, used 164352K [0x00000006ca600000, 0x00000006d4a00000, 0x000000076e200000)
  object space 167936K, 97% used [0x00000006ca600000,0x00000006d4680320,0x00000006d4a00000)
 Metaspace       used 14760K, capacity 15063K, committed 15360K, reserved 1062912K
  class space    used 1182K, capacity 1275K, committed 1280K, reserved 1048576K
Event: 34.803 GC heap after
Heap after GC invocations=306 (full 0):
 PSYoungGen      total 125952K, used 1112K [0x000000076e200000, 0x000000079f080000, 0x00000007c0000000)
  eden space 124416K, 0% used [0x000000076e200000,0x000000076e200000,0x0000000775b80000)
  from space 1536K, 72% used [0x000000079ef00000,0x000000079f016098,0x000000079f080000)
  to   space 1536K, 0% used [0x000000079ed80000,0x000000079ed80000,0x000000079ef00000)
 ParOldGen       total 167936K, used 164352K [0x00000006ca600000, 0x00000006d4a00000, 0x000000076e200000)
  object space 167936K, 97% used [0x00000006ca600000,0x00000006d4680320,0x00000006d4a00000)
 Metaspace       used 14760K, capacity 15063K, committed 15360K, reserved 1062912K
  class space    used 1182K, capacity 1275K, committed 1280K, reserved 1048576K
}
Event: 34.883 GC heap before
{Heap before GC invocations=307 (full 0):
 PSYoungGen      total 125952K, used 125528K [0x000000076e200000, 0x000000079f080000, 0x00000007c0000000)
  eden space 124416K, 100% used [0x000000076e200000,0x0000000775b80000,0x0000000775b80000)
  from space 1536K, 72% used [0x000000079ef00000,0x000000079f016098,0x000000079f080000)
  to   space 1536K, 0% used [0x000000079ed80000,0x000000079ed80000,0x000000079ef00000)
 ParOldGen       total 167936K, used 164352K [0x00000006ca600000, 0x00000006d4a00000, 0x000000076e200000)
  object space 167936K, 97% used [0x00000006ca600000,0x00000006d4680320,0x00000006d4a00000)
 Metaspace       used 14760K, capacity 15063K, committed 15360K, reserved 1062912K
  class space    used 1182K, capacity 1275K, committed 1280K, reserved 1048576K
Event: 34.884 GC heap after
Heap after GC invocations=307 (full 0):
 PSYoungGen      total 121344K, used 616K [0x000000076e200000, 0x000000079ef80000, 0x00000007c0000000)
  eden space 120320K, 0% used [0x000000076e200000,0x000000076e200000,0x0000000775780000)
  from space 1024K, 60% used [0x000000079ed80000,0x000000079ee1a058,0x000000079ee80000)
  to   space 1024K, 0% used [0x000000079ee80000,0x000000079ee80000,0x000000079ef80000)
 ParOldGen       total 167936K, used 164352K [0x00000006ca600000, 0x00000006d4a00000, 0x000000076e200000)
  object space 167936K, 97% used [0x00000006ca600000,0x00000006d4680320,0x00000006d4a00000)
 Metaspace       used 14760K, capacity 15063K, committed 15360K, reserved 1062912K
  class space    used 1182K, capacity 1275K, committed 1280K, reserved 1048576K
}
Event: 34.954 GC heap before
{Heap before GC invocations=308 (full 0):
 PSYoungGen      total 121344K, used 120936K [0x000000076e200000, 0x000000079ef80000, 0x00000007c0000000)
  eden space 120320K, 100% used [0x000000076e200000,0x0000000775780000,0x0000000775780000)
  from space 1024K, 60% used [0x000000079ed80000,0x000000079ee1a058,0x000000079ee80000)
  to   space 1024K, 0% used [0x000000079ee80000,0x000000079ee80000,0x000000079ef80000)
 ParOldGen       total 167936K, used 164352K [0x00000006ca600000, 0x00000006d4a00000, 0x000000076e200000)
  object space 167936K, 97% used [0x00000006ca600000,0x00000006d4680320,0x00000006d4a00000)
 Metaspace       used 14760K, capacity 15063K, committed 15360K, reserved 1062912K
  class space    used 1182K, capacity 1275K, committed 1280K, reserved 1048576K
Event: 34.955 GC heap after
Heap after GC invocations=308 (full 0):
 PSYoungGen      total 117760K, used 1016K [0x000000076e200000, 0x000000079ef80000, 0x00000007c0000000)
  eden space 116736K, 0% used [0x000000076e200000,0x000000076e200000,0x0000000775400000)
  from space 1024K, 99% used [0x000000079ee80000,0x000000079ef7e098,0x000000079ef80000)
  to   space 1536K, 0% used [0x000000079ec80000,0x000000079ec80000,0x000000079ee00000)
 ParOldGen       total 167936K, used 164392K [0x00000006ca600000, 0x00000006d4a00000, 0x000000076e200000)
  object space 167936K, 97% used [0x00000006ca600000,0x00000006d468a320,0x00000006d4a00000)
 Metaspace       used 14760K, capacity 15063K, committed 15360K, reserved 1062912K
  class space    used 1182K, capacity 1275K, committed 1280K, reserved 1048576K
}

